[ERROR][2018-01-10 16:09:34][BaseDBManager.php,querySql,50][query sql bind<0,>]
[ERROR][2018-01-10 16:09:34][ProductDBManager.php,querySql,70][Execute sql <SELECT product.id, product.name as product_name, product.logo_path, advertiser.name as advertiser_name, delivery.platform_id, platform.name as platform_name FROM product_info as product inner join product_platform_delivery as delivery on product.id = delivery.product_id inner join advertiser_info as advertiser on product.advertiser_id = advertiser.id inner join platform_info as platform on delivery.platform_id = platform.id where delivery.status = ?> failed.]
[ERROR][2018-01-10 16:13:15][BaseDBManager.php,querySql,50][query sql bind<0,>]
[ERROR][2018-01-10 16:31:23][BaseDBManager.php,querySql,50][query sql bind<0,>]
[ERROR][2018-01-10 16:31:23][ProductDBManager.php,querySql,70][Execute sql <SELECT product.id, product.name as product_name, product.logo_path, advertiser.name as advertiser_name, delivery.platform_id, platform.name as platform_name FROM product_info as product inner join product_platform_delivery as delivery on product.id = delivery.product_id inner join advertiser_info as advertiser on product.advertiser_id = advertiser.id inner join platform_info as platform on delivery.platform_id = platform.id where delivery.status = ?> failed.]
[ERROR][2018-01-10 16:31:23][orionTest.php,selectValidProduct,11][Execute sql <Array> failed.]
[ERROR][2018-01-10 16:54:36][BaseDBManager.php,querySql,50][query sql bind<0,>]
[ERROR][2018-01-10 16:54:36][ProductDBManager.php,querySql,70][Execute sql <SELECT product.id, product.name as product_name, product.logo_path, advertiser.name as advertiser_name, delivery.platform_id, platform.name as platform_name FROM product_info as product inner join product_platform_delivery as delivery on product.id = delivery.product_id inner join advertiser_info as advertiser on product.advertiser_id = advertiser.id inner join platform_info as platform on delivery.platform_id = platform.id where delivery.status = ?> failed.]
[ERROR][2018-01-10 16:54:36][orionTest.php,selectValidProduct,11][Execute sql <Array> failed.]
